TN:
SF:script/Counter.s.sol
FN:6,CounterScript.setUp
FNDA:0,CounterScript.setUp
FN:7,CounterScript.run
FNDA:0,CounterScript.run
DA:9,0
DA:9,0
FNF:2
FNH:0
LF:1
LH:0
BRF:0
BRH:0
end_of_record
TN:
SF:script/GardenTechMarketplace.s.sol
FN:10,GardenTechMarketplaceScript.setUp
FNDA:0,GardenTechMarketplaceScript.setUp
FN:11,GardenTechMarketplaceScript.run
FNDA:0,GardenTechMarketplaceScript.run
DA:13,0
DA:13,0
DA:14,0
DA:14,0
DA:14,0
DA:15,0
DA:15,0
DA:16,0
DA:16,0
DA:16,0
DA:17,0
DA:17,0
FNF:2
FNH:0
LF:5
LH:0
BRF:0
BRH:0
end_of_record
TN:
SF:script/Proxy1967GardenTechMarketplace.s.sol
FN:11,MyScript.setUp
FNDA:0,MyScript.setUp
FN:12,MyScript.run
FNDA:0,MyScript.run
DA:14,0
DA:14,0
DA:15,0
DA:15,0
DA:15,0
DA:17,0
DA:17,0
DA:18,0
DA:18,0
DA:18,0
DA:19,0
DA:19,0
DA:21,0
DA:21,0
DA:23,0
DA:23,0
DA:24,0
DA:24,0
FNF:2
FNH:0
LF:8
LH:0
BRF:0
BRH:0
end_of_record
TN:
SF:src/GardenTechMarketplace.sol
FN:98,GardenTechMarketplace.
FNDA:51,GardenTechMarketplace.
FN:107,GardenTechMarketplace.onlyOwner
FNDA:3,GardenTechMarketplace.onlyOwner
DA:110,3
DA:110,3
BRDA:110,0,0,1
BRDA:110,0,1,1
FN:127,GardenTechMarketplace.initialize
FNDA:19,GardenTechMarketplace.initialize
DA:128,18
DA:128,18
DA:129,18
DA:129,18
DA:130,18
DA:130,18
FN:139,GardenTechMarketplace._authorizeUpgrade
FNDA:2,GardenTechMarketplace._authorizeUpgrade
FN:154,GardenTechMarketplace.updateListPrice
FNDA:3,GardenTechMarketplace.updateListPrice
DA:155,1
DA:155,1
FN:159,GardenTechMarketplace.getListPrice
FNDA:14,GardenTechMarketplace.getListPrice
DA:163,14
DA:163,14
FN:166,GardenTechMarketplace.getLatestIdToListedToken
FNDA:1,GardenTechMarketplace.getLatestIdToListedToken
DA:171,1
DA:171,1
DA:172,1
DA:172,1
FN:181,GardenTechMarketplace.getListedTokenForId
FNDA:12,GardenTechMarketplace.getListedTokenForId
DA:185,12
DA:185,12
FN:190,GardenTechMarketplace.getCurrentToken
FNDA:4,GardenTechMarketplace.getCurrentToken
DA:191,4
DA:191,4
FN:208,GardenTechMarketplace.changeNFTPrice
FNDA:5,GardenTechMarketplace.changeNFTPrice
DA:210,5
DA:210,5
BRDA:210,1,0,1
BRDA:210,1,1,4
DA:211,1
DA:211,1
DA:212,4
DA:212,4
BRDA:212,2,0,1
BRDA:212,2,1,3
DA:214,1
DA:214,1
DA:216,3
DA:216,3
BRDA:216,3,0,1
BRDA:216,3,1,2
DA:218,1
DA:218,1
DA:219,2
DA:219,2
DA:225,2
DA:225,2
DA:229,2
DA:229,2
FN:242,GardenTechMarketplace.getAllNFTs
FNDA:2,GardenTechMarketplace.getAllNFTs
DA:244,2
DA:244,2
DA:244,2
DA:244,2
DA:244,2
DA:245,2
DA:245,2
BRDA:244,4,0,1
BRDA:244,4,1,1
DA:245,1
DA:245,1
DA:247,1
DA:247,1
DA:248,1
DA:248,1
DA:248,12
DA:248,11
DA:249,11
BRDA:249,5,0,10
BRDA:249,5,1,11
DA:251,10
DA:251,10
DA:254,1
DA:254,1
DA:255,1
DA:255,1
BRDA:254,6,0,1
BRDA:254,6,1,-
DA:255,1
DA:258,1
DA:258,1
DA:260,1
DA:260,1
DA:260,1
DA:261,1
DA:261,1
DA:263,1
DA:263,1
DA:263,6
DA:263,6
DA:263,6
DA:263,5
BRDA:263,7,0,-
BRDA:263,7,1,5
DA:266,5
DA:266,5
BRDA:266,8,0,-
BRDA:266,8,1,5
DA:267,5
DA:267,5
DA:268,5
DA:268,5
DA:270,5
DA:270,5
DA:271,1
DA:271,1
FN:284,GardenTechMarketplace.getMyNFTs
FNDA:2,GardenTechMarketplace.getMyNFTs
DA:285,2
DA:285,2
DA:285,2
DA:286,2
DA:286,2
DA:289,2
DA:289,2
DA:289,22
DA:290,20
DA:290,20
DA:290,20
DA:291,20
DA:291,20
BRDA:289,9,0,10
BRDA:289,9,1,20
DA:294,10
DA:294,10
DA:294,20
DA:297,2
DA:297,2
DA:297,2
DA:298,2
DA:298,2
DA:299,22
DA:299,22
DA:301,20
DA:301,20
DA:301,20
DA:305,20
DA:305,20
BRDA:300,10,0,-
BRDA:300,10,1,10
DA:305,10
DA:306,10
DA:306,10
DA:307,20
DA:307,20
DA:307,2
FN:322,GardenTechMarketplace.createToken
FNDA:34,GardenTechMarketplace.createToken
DA:326,34
DA:326,34
BRDA:326,11,0,1
BRDA:326,11,1,33
DA:326,1
DA:327,33
DA:327,33
DA:327,33
DA:328,33
DA:328,33
BRDA:327,12,0,1
BRDA:327,12,1,32
DA:329,1
DA:329,1
DA:331,32
DA:331,32
DA:331,32
DA:332,32
DA:332,32
DA:332,31
DA:332,31
BRDA:331,13,0,2
BRDA:331,13,1,30
DA:334,2
DA:334,2
DA:338,30
DA:338,30
DA:338,30
DA:341,30
DA:341,30
DA:344,30
DA:344,30
DA:346,30
DA:346,30
DA:348,29
DA:348,29
FN:362,GardenTechMarketplace.createListedToken
FNDA:30,GardenTechMarketplace.createListedToken
DA:364,30
DA:364,30
BRDA:364,14,0,1
BRDA:364,14,1,29
DA:364,1
DA:366,29
DA:366,29
BRDA:365,15,0,-
BRDA:365,15,1,29
DA:366,0
DA:368,29
DA:368,29
DA:373,29
DA:373,29
DA:378,29
DA:378,29
FN:404,GardenTechMarketplace.executeSale
FNDA:12,GardenTechMarketplace.executeSale
DA:405,12
DA:405,12
DA:405,12
DA:405,12
DA:405,11
DA:405,11
BRDA:405,16,0,2
BRDA:405,16,1,10
DA:405,2
DA:406,10
DA:406,10
BRDA:406,17,0,1
BRDA:406,17,1,9
DA:406,1
DA:407,9
DA:407,9
DA:408,9
DA:408,9
DA:410,9
DA:410,9
DA:411,9
DA:411,9
DA:411,9
DA:412,9
DA:412,9
DA:417,9
BRDA:417,18,0,1
BRDA:417,18,1,6
DA:417,7
DA:418,7
DA:418,7
BRDA:417,19,0,1
BRDA:417,19,1,6
DA:419,1
DA:419,1
DA:421,6
DA:421,6
DA:424,6
DA:424,6
DA:426,2
DA:426,2
BRDA:426,20,0,1
BRDA:426,20,1,1
DA:427,1
DA:427,1
DA:427,1
DA:432,7
DA:432,7
DA:432,7
DA:433,7
DA:433,7
BRDA:433,21,0,-
BRDA:433,21,1,7
DA:437,7
DA:437,7
DA:438,7
DA:438,7
DA:440,7
DA:440,7
BRDA:440,22,0,-
BRDA:440,22,1,7
DA:444,7
DA:444,7
FN:463,GardenTechMarketplace.onERC721Received
FNDA:1,GardenTechMarketplace.onERC721Received
DA:467,1
DA:467,1
FN:487,GardenTechMarketplace.
FNDA:0,GardenTechMarketplace.
FNF:17
FNH:16
LF:87
LH:87
BRF:46
BRH:39
end_of_record
TN:
SF:src/GreenCare.sol
FN:59,CommunityMaintenance.onlyRegistered
FNDA:0,CommunityMaintenance.onlyRegistered
DA:61,0
DA:61,0
BRDA:61,0,0,-
BRDA:61,0,1,-
FN:69,CommunityMaintenance.
FNDA:0,CommunityMaintenance.
DA:73,0
DA:73,0
FN:79,CommunityMaintenance.getDonationBalance
FNDA:0,CommunityMaintenance.getDonationBalance
DA:80,0
DA:80,0
FN:82,CommunityMaintenance.getVolunteerHours
FNDA:0,CommunityMaintenance.getVolunteerHours
DA:86,0
DA:86,0
FN:86,CommunityMaintenance.getTask
FNDA:0,CommunityMaintenance.getTask
DA:90,0
DA:90,0
BRDA:90,1,0,-
BRDA:90,1,1,-
DA:91,0
DA:91,0
FN:92,CommunityMaintenance.registerVolunteer
FNDA:0,CommunityMaintenance.registerVolunteer
DA:96,0
DA:96,0
FN:98,CommunityMaintenance.createTask
FNDA:0,CommunityMaintenance.createTask
DA:102,0
DA:102,0
DA:102,0
DA:102,0
DA:103,0
DA:103,0
FN:112,CommunityMaintenance.completeTask
FNDA:0,CommunityMaintenance.completeTask
DA:116,0
DA:116,0
DA:117,0
DA:117,0
BRDA:117,2,0,-
BRDA:117,2,1,-
DA:117,0
DA:118,0
DA:118,0
DA:119,0
DA:119,0
DA:122,0
DA:122,0
FN:127,CommunityMaintenance.claimReward
FNDA:0,CommunityMaintenance.claimReward
DA:129,0
DA:129,0
BRDA:129,3,0,-
BRDA:129,3,1,-
DA:130,0
DA:130,0
DA:133,0
DA:133,0
BRDA:133,4,0,-
BRDA:133,4,1,-
DA:136,0
DA:136,0
DA:138,0
DA:138,0
DA:139,0
DA:139,0
DA:141,0
DA:141,0
FN:144,CommunityMaintenance.volunteerForTask
FNDA:0,CommunityMaintenance.volunteerForTask
DA:146,0
DA:146,0
DA:149,0
DA:149,0
BRDA:149,5,0,-
BRDA:149,5,1,-
DA:152,0
DA:152,0
BRDA:152,6,0,-
BRDA:152,6,1,-
DA:155,0
DA:155,0
DA:158,0
DA:158,0
DA:158,0
FN:162,CommunityMaintenance.removeVolunteerFromTask
FNDA:0,CommunityMaintenance.removeVolunteerFromTask
DA:167,0
DA:167,0
BRDA:167,7,0,-
BRDA:167,7,1,-
DA:169,0
DA:169,0
DA:170,0
DA:170,0
DA:172,0
DA:172,0
DA:173,0
DA:173,0
FN:176,CommunityMaintenance.donate
FNDA:0,CommunityMaintenance.donate
DA:177,0
DA:177,0
BRDA:177,8,0,-
BRDA:177,8,1,-
DA:179,0
DA:179,0
DA:182,0
DA:182,0
DA:184,0
DA:184,0
DA:184,0
FN:197,CommunityMaintenance.transferFunds
FNDA:0,CommunityMaintenance.transferFunds
DA:199,0
DA:199,0
BRDA:199,9,0,-
BRDA:199,9,1,-
DA:202,0
DA:202,0
DA:203,0
DA:203,0
DA:204,0
DA:204,0
DA:204,0
DA:204,0
BRDA:204,10,0,-
BRDA:204,10,1,-
FN:207,CommunityMaintenance.mintNFT
FNDA:0,CommunityMaintenance.mintNFT
DA:208,0
DA:208,0
BRDA:208,11,0,-
BRDA:208,11,1,-
DA:212,0
DA:212,0
DA:214,0
DA:214,0
DA:214,0
FNF:14
FNH:0
LF:42
LH:0
BRF:24
BRH:0
end_of_record
TN:
SF:src/NFTMarketplace.sol
FN:74,NFTMarketplace.onlyOwner
FNDA:0,NFTMarketplace.onlyOwner
DA:75,0
DA:75,0
BRDA:75,0,0,-
BRDA:75,0,1,-
DA:75,0
FN:85,NFTMarketplace.
FNDA:0,NFTMarketplace.
DA:86,0
DA:86,0
DA:88,0
DA:88,0
FN:99,NFTMarketplace.initialize
FNDA:0,NFTMarketplace.initialize
DA:100,0
DA:100,0
DA:102,0
DA:102,0
FN:114,NFTMarketplace._authorizeUpgrade
FNDA:0,NFTMarketplace._authorizeUpgrade
FN:130,NFTMarketplace.createToken
FNDA:0,NFTMarketplace.createToken
DA:137,0
DA:137,0
DA:137,0
DA:139,0
DA:139,0
DA:142,0
DA:142,0
DA:145,0
DA:145,0
DA:146,0
DA:146,0
FN:159,NFTMarketplace.updateListPrice
FNDA:0,NFTMarketplace.updateListPrice
DA:160,0
DA:160,0
BRDA:160,1,0,-
BRDA:160,1,1,-
DA:161,0
DA:161,0
DA:161,0
FN:166,NFTMarketplace.getListPrice
FNDA:0,NFTMarketplace.getListPrice
DA:171,0
DA:171,0
FN:174,NFTMarketplace.getLatestIdToListedToken
FNDA:0,NFTMarketplace.getLatestIdToListedToken
DA:179,0
DA:179,0
DA:180,0
DA:180,0
FN:188,NFTMarketplace.getListedTokenForId
FNDA:0,NFTMarketplace.getListedTokenForId
DA:193,0
DA:193,0
FN:198,NFTMarketplace.getCurrentToken
FNDA:0,NFTMarketplace.getCurrentToken
DA:199,0
DA:199,0
FN:206,NFTMarketplace.createListedToken
FNDA:0,NFTMarketplace.createListedToken
DA:211,0
DA:211,0
BRDA:211,2,0,-
BRDA:211,2,1,-
DA:212,0
DA:212,0
DA:214,0
DA:214,0
BRDA:214,3,0,-
BRDA:214,3,1,-
DA:215,0
DA:215,0
DA:217,0
DA:217,0
DA:224,0
DA:224,0
DA:229,0
DA:229,0
FN:246,NFTMarketplace.getAllNFTs
FNDA:0,NFTMarketplace.getAllNFTs
DA:246,0
DA:246,0
DA:247,0
DA:247,0
DA:248,0
DA:248,0
DA:248,0
DA:252,0
DA:252,0
DA:252,0
DA:252,0
DA:253,0
DA:253,0
DA:253,0
DA:255,0
DA:255,0
DA:256,0
DA:256,0
DA:257,0
DA:257,0
DA:259,0
DA:259,0
FN:271,NFTMarketplace.getMyNFTs
FNDA:0,NFTMarketplace.getMyNFTs
DA:272,0
DA:272,0
DA:273,0
DA:273,0
DA:273,0
DA:276,0
DA:276,0
DA:276,0
DA:277,0
DA:277,0
DA:277,0
DA:279,0
DA:279,0
BRDA:277,4,0,-
BRDA:277,4,1,-
DA:281,0
DA:281,0
DA:281,0
DA:283,0
DA:283,0
DA:284,0
DA:284,0
DA:284,0
DA:285,0
DA:285,0
DA:286,0
DA:286,0
DA:286,0
DA:288,0
DA:288,0
BRDA:285,5,0,-
BRDA:285,5,1,-
DA:292,0
DA:292,0
DA:294,0
DA:294,0
DA:294,0
DA:295,0
DA:295,0
DA:297,0
DA:297,0
DA:298,0
DA:298,0
DA:300,0
DA:300,0
FN:316,NFTMarketplace.executeSale
FNDA:0,NFTMarketplace.executeSale
DA:317,0
DA:317,0
DA:317,0
DA:318,0
DA:318,0
BRDA:318,6,0,-
BRDA:318,6,1,-
DA:318,0
DA:319,0
DA:319,0
DA:321,0
DA:321,0
DA:322,0
DA:322,0
DA:324,0
DA:324,0
DA:325,0
DA:325,0
BRDA:324,7,0,-
BRDA:324,7,1,-
DA:326,0
DA:326,0
DA:329,0
DA:329,0
DA:333,0
DA:333,0
DA:335,0
DA:335,0
DA:337,0
DA:337,0
FN:359,NFTMarketplace.onERC721Received
FNDA:0,NFTMarketplace.onERC721Received
DA:363,0
DA:363,0
FN:381,NFTMarketplace.
FNDA:0,NFTMarketplace.
FNF:16
FNH:0
LF:63
LH:0
BRF:16
BRH:0
end_of_record
TN:
SF:src/Proxy1967GardenTechMarketplace.sol
FN:5,Proxy1967GardenTechMarketplace.
FNDA:0,Proxy1967GardenTechMarketplace.
FNF:1
FNH:0
LF:0
LH:0
BRF:0
BRH:0
end_of_record
TN:
SF:src/_GardenTechMarketplace.sol
FN:77,GardenTechMarketplace.
FNDA:0,GardenTechMarketplace.
DA:78,0
DA:78,0
FN:89,GardenTechMarketplace.onlyOwner
FNDA:0,GardenTechMarketplace.onlyOwner
DA:89,0
DA:89,0
BRDA:89,0,0,-
BRDA:89,0,1,-
FN:102,GardenTechMarketplace.initialize
FNDA:0,GardenTechMarketplace.initialize
DA:103,0
DA:103,0
DA:105,0
DA:105,0
FN:113,GardenTechMarketplace._authorizeUpgrade
FNDA:0,GardenTechMarketplace._authorizeUpgrade
FN:130,GardenTechMarketplace.createToken
FNDA:0,GardenTechMarketplace.createToken
DA:137,0
DA:137,0
DA:137,0
DA:139,0
DA:139,0
DA:142,0
DA:142,0
DA:145,0
DA:145,0
DA:146,0
DA:146,0
FN:159,GardenTechMarketplace.updateListPrice
FNDA:0,GardenTechMarketplace.updateListPrice
DA:160,0
DA:160,0
BRDA:160,1,0,-
BRDA:160,1,1,-
DA:161,0
DA:161,0
DA:161,0
FN:166,GardenTechMarketplace.getListPrice
FNDA:0,GardenTechMarketplace.getListPrice
DA:171,0
DA:171,0
FN:174,GardenTechMarketplace.getLatestIdToListedToken
FNDA:0,GardenTechMarketplace.getLatestIdToListedToken
DA:179,0
DA:179,0
DA:180,0
DA:180,0
FN:188,GardenTechMarketplace.getListedTokenForId
FNDA:0,GardenTechMarketplace.getListedTokenForId
DA:193,0
DA:193,0
FN:198,GardenTechMarketplace.getCurrentToken
FNDA:0,GardenTechMarketplace.getCurrentToken
DA:199,0
DA:199,0
FN:207,GardenTechMarketplace.createListedToken
FNDA:0,GardenTechMarketplace.createListedToken
DA:212,0
DA:212,0
BRDA:212,2,0,-
BRDA:212,2,1,-
DA:213,0
DA:213,0
DA:215,0
DA:215,0
BRDA:215,3,0,-
BRDA:215,3,1,-
DA:215,0
DA:219,0
DA:219,0
DA:225,0
DA:225,0
DA:230,0
DA:230,0
FN:247,GardenTechMarketplace.getAllNFTs
FNDA:0,GardenTechMarketplace.getAllNFTs
DA:248,0
DA:248,0
DA:249,0
DA:249,0
DA:249,0
DA:250,0
DA:250,0
DA:254,0
DA:254,0
DA:254,0
DA:254,0
DA:257,0
DA:257,0
DA:257,0
DA:258,0
DA:258,0
DA:260,0
DA:260,0
FN:270,GardenTechMarketplace.getMyNFTs
FNDA:0,GardenTechMarketplace.getMyNFTs
DA:271,0
DA:271,0
DA:272,0
DA:272,0
DA:272,0
DA:275,0
DA:275,0
DA:275,0
DA:276,0
DA:276,0
DA:276,0
DA:278,0
DA:278,0
BRDA:276,4,0,-
BRDA:276,4,1,-
DA:280,0
DA:280,0
DA:280,0
DA:283,0
DA:283,0
DA:284,0
DA:284,0
DA:284,0
DA:285,0
DA:285,0
DA:288,0
DA:288,0
DA:288,0
DA:291,0
DA:291,0
BRDA:287,5,0,-
BRDA:287,5,1,-
DA:291,0
DA:292,0
DA:292,0
DA:293,0
DA:293,0
DA:294,0
DA:294,0
FN:311,GardenTechMarketplace.executeSale
FNDA:0,GardenTechMarketplace.executeSale
DA:312,0
DA:312,0
DA:312,0
DA:313,0
DA:313,0
BRDA:313,6,0,-
BRDA:313,6,1,-
DA:313,0
DA:315,0
DA:315,0
DA:316,0
DA:316,0
DA:318,0
DA:318,0
DA:319,0
DA:319,0
DA:320,0
DA:320,0
BRDA:319,7,0,-
BRDA:319,7,1,-
DA:321,0
DA:321,0
DA:324,0
DA:324,0
DA:328,0
DA:328,0
DA:330,0
DA:330,0
DA:332,0
DA:332,0
FN:353,GardenTechMarketplace.onERC721Received
FNDA:0,GardenTechMarketplace.onERC721Received
DA:357,0
DA:357,0
FN:377,GardenTechMarketplace.
FNDA:0,GardenTechMarketplace.
FNF:16
FNH:0
LF:56
LH:0
BRF:16
BRH:0
end_of_record
TN:
SF:src/_NFTMarketplace.sol
FN:40,NFTMarketplace.
FNDA:0,NFTMarketplace.
DA:42,0
DA:42,0
FN:46,NFTMarketplace.createToken
FNDA:0,NFTMarketplace.createToken
DA:48,0
DA:48,0
DA:48,0
DA:52,0
DA:52,0
DA:55,0
DA:55,0
DA:58,0
DA:58,0
DA:58,0
FN:59,NFTMarketplace.updateListPrice
FNDA:0,NFTMarketplace.updateListPrice
DA:64,0
DA:64,0
BRDA:64,0,0,-
BRDA:64,0,1,-
DA:65,0
DA:65,0
FN:65,NFTMarketplace.getListPrice
FNDA:0,NFTMarketplace.getListPrice
DA:68,0
DA:68,0
FN:69,NFTMarketplace.getLatestIdToListedToken
FNDA:0,NFTMarketplace.getLatestIdToListedToken
DA:73,0
DA:73,0
DA:73,0
FN:74,NFTMarketplace.getListedTokenForId
FNDA:0,NFTMarketplace.getListedTokenForId
DA:78,0
DA:78,0
FN:78,NFTMarketplace.getCurrentToken
FNDA:0,NFTMarketplace.getCurrentToken
DA:79,0
DA:79,0
FN:82,NFTMarketplace.createListedToken
FNDA:0,NFTMarketplace.createListedToken
DA:86,0
DA:86,0
BRDA:86,1,0,-
BRDA:86,1,1,-
DA:88,0
DA:88,0
BRDA:88,2,0,-
BRDA:88,2,1,-
DA:92,0
DA:92,0
DA:95,0
DA:95,0
DA:102,0
DA:102,0
FN:108,NFTMarketplace.getAllNFTs
FNDA:0,NFTMarketplace.getAllNFTs
DA:112,0
DA:112,0
DA:113,0
DA:113,0
DA:113,0
DA:113,0
DA:118,0
DA:118,0
DA:118,0
DA:118,0
DA:118,0
DA:119,0
DA:119,0
DA:119,0
DA:122,0
DA:122,0
DA:123,0
DA:123,0
DA:124,0
DA:124,0
FN:127,NFTMarketplace.getMyNFTs
FNDA:0,NFTMarketplace.getMyNFTs
DA:132,0
DA:132,0
DA:132,0
DA:133,0
DA:133,0
DA:136,0
DA:136,0
DA:137,0
DA:137,0
DA:138,0
DA:138,0
DA:138,0
DA:138,0
DA:138,0
BRDA:138,3,0,-
BRDA:138,3,1,-
DA:139,0
DA:139,0
DA:142,0
DA:142,0
DA:144,0
DA:144,0
DA:146,0
DA:146,0
DA:146,0
DA:146,0
DA:146,0
DA:146,0
DA:147,0
DA:147,0
BRDA:146,4,0,-
BRDA:146,4,1,-
DA:148,0
DA:148,0
DA:148,0
DA:149,0
DA:149,0
DA:149,0
DA:150,0
DA:150,0
DA:151,0
DA:151,0
FN:151,NFTMarketplace.executeSale
FNDA:0,NFTMarketplace.executeSale
DA:153,0
DA:153,0
DA:155,0
DA:155,0
DA:159,0
DA:159,0
BRDA:159,5,0,-
BRDA:159,5,1,-
DA:161,0
DA:161,0
DA:162,0
DA:162,0
DA:164,0
DA:164,0
DA:165,0
DA:165,0
DA:169,0
DA:169,0
DA:171,0
DA:171,0
DA:174,0
DA:174,0
FNF:11
FNH:0
LF:47
LH:0
BRF:12
BRH:0
end_of_record
