TN:
SF:script/Counter.s.sol
FN:6,CounterScript.setUp
FNDA:0,CounterScript.setUp
FN:7,CounterScript.run
FNDA:0,CounterScript.run
DA:9,0
DA:9,0
FNF:2
FNH:0
LF:1
LH:0
BRF:0
BRH:0
end_of_record
TN:
SF:script/GardenTechMarketplace.s.sol
FN:10,GardenTechMarketplaceScript.setUp
FNDA:0,GardenTechMarketplaceScript.setUp
FN:11,GardenTechMarketplaceScript.run
FNDA:0,GardenTechMarketplaceScript.run
DA:13,0
DA:13,0
DA:14,0
DA:14,0
DA:14,0
DA:15,0
DA:15,0
DA:16,0
DA:16,0
DA:16,0
DA:17,0
DA:17,0
FNF:2
FNH:0
LF:5
LH:0
BRF:0
BRH:0
end_of_record
TN:
SF:script/Proxy1967GardenTechMarketplace.s.sol
FN:11,MyScript.setUp
FNDA:0,MyScript.setUp
FN:12,MyScript.run
FNDA:0,MyScript.run
DA:14,0
DA:14,0
DA:15,0
DA:15,0
DA:15,0
DA:17,0
DA:17,0
DA:18,0
DA:18,0
DA:18,0
DA:19,0
DA:19,0
DA:21,0
DA:21,0
DA:23,0
DA:23,0
DA:24,0
DA:24,0
FNF:2
FNH:0
LF:8
LH:0
BRF:0
BRH:0
end_of_record
TN:
SF:src/GardenTechMarketplace.sol
FN:89,GardenTechMarketplace.
FNDA:45,GardenTechMarketplace.
FN:100,GardenTechMarketplace.onlyOwner
FNDA:1,GardenTechMarketplace.onlyOwner
DA:101,1
DA:101,1
BRDA:101,0,0,-
BRDA:101,0,1,1
FN:118,GardenTechMarketplace.initialize
FNDA:17,GardenTechMarketplace.initialize
DA:119,16
DA:119,16
DA:121,16
DA:121,16
DA:121,16
FN:130,GardenTechMarketplace._authorizeUpgrade
FNDA:1,GardenTechMarketplace._authorizeUpgrade
FN:145,GardenTechMarketplace.updateListPrice
FNDA:2,GardenTechMarketplace.updateListPrice
DA:146,2
DA:146,2
BRDA:146,1,0,1
BRDA:146,1,1,1
DA:147,1
DA:147,1
DA:149,1
DA:149,1
FN:153,GardenTechMarketplace.getListPrice
FNDA:12,GardenTechMarketplace.getListPrice
DA:157,12
DA:157,12
FN:160,GardenTechMarketplace.getLatestIdToListedToken
FNDA:1,GardenTechMarketplace.getLatestIdToListedToken
DA:166,1
DA:166,1
DA:167,1
DA:167,1
FN:177,GardenTechMarketplace.getListedTokenForId
FNDA:11,GardenTechMarketplace.getListedTokenForId
DA:179,11
DA:179,11
FN:184,GardenTechMarketplace.getCurrentToken
FNDA:3,GardenTechMarketplace.getCurrentToken
DA:185,3
DA:185,3
FN:201,GardenTechMarketplace.createListedToken
FNDA:29,GardenTechMarketplace.createListedToken
DA:203,29
DA:203,29
BRDA:203,2,0,1
BRDA:203,2,1,28
DA:203,1
DA:205,28
DA:205,28
BRDA:205,3,0,1
BRDA:205,3,1,27
DA:206,1
DA:206,1
DA:210,27
DA:210,27
DA:215,27
DA:215,27
DA:220,27
DA:220,27
FN:240,GardenTechMarketplace.changeNFTPrice
FNDA:5,GardenTechMarketplace.changeNFTPrice
DA:243,5
DA:243,5
BRDA:243,4,0,1
BRDA:243,4,1,4
DA:243,1
DA:245,4
DA:245,4
BRDA:245,5,0,1
BRDA:245,5,1,3
DA:246,1
DA:246,1
DA:248,3
DA:248,3
BRDA:248,6,0,1
BRDA:248,6,1,2
DA:249,1
DA:249,1
DA:252,2
DA:252,2
DA:257,2
DA:257,2
DA:261,2
DA:261,2
FN:275,GardenTechMarketplace.getAllNFTs
FNDA:1,GardenTechMarketplace.getAllNFTs
DA:276,1
DA:276,1
BRDA:276,7,0,-
BRDA:276,7,1,1
DA:278,1
DA:278,1
DA:278,1
DA:280,1
DA:280,1
DA:280,12
DA:280,11
BRDA:280,8,0,10
BRDA:280,8,1,11
DA:281,10
DA:281,10
DA:282,10
DA:282,10
DA:285,1
DA:285,1
DA:286,1
DA:286,1
BRDA:286,9,0,1
BRDA:286,9,1,-
DA:287,1
DA:287,1
DA:289,1
DA:289,1
DA:292,1
DA:292,1
DA:292,1
DA:293,1
DA:293,1
DA:294,1
DA:294,1
DA:295,1
DA:295,1
DA:295,6
DA:295,6
DA:295,6
DA:295,5
DA:297,5
BRDA:297,10,0,-
BRDA:297,10,1,5
DA:298,5
DA:298,5
BRDA:298,11,0,-
BRDA:298,11,1,5
DA:299,5
DA:299,5
DA:301,5
DA:301,5
DA:303,5
DA:303,5
DA:304,5
DA:304,5
DA:305,1
DA:305,1
FN:318,GardenTechMarketplace.getMyNFTs
FNDA:1,GardenTechMarketplace.getMyNFTs
DA:318,1
DA:318,1
DA:319,1
DA:319,1
DA:319,1
DA:321,1
DA:321,1
DA:322,11
DA:322,11
DA:323,10
DA:323,10
DA:323,10
DA:324,10
DA:324,10
BRDA:323,12,0,10
BRDA:323,12,1,10
DA:327,10
DA:327,10
DA:328,10
DA:328,10
DA:330,1
DA:330,1
DA:331,1
DA:331,1
DA:332,1
DA:332,1
DA:332,11
DA:334,10
DA:334,10
DA:334,10
DA:336,10
DA:336,10
BRDA:333,13,0,-
BRDA:333,13,1,10
DA:339,10
DA:339,10
DA:340,10
DA:340,10
DA:340,10
DA:341,1
DA:341,1
FN:355,GardenTechMarketplace.createToken
FNDA:29,GardenTechMarketplace.createToken
DA:361,29
DA:361,29
DA:361,29
DA:365,29
DA:365,29
DA:369,29
DA:369,29
DA:371,29
DA:371,29
DA:373,27
DA:373,27
FN:391,GardenTechMarketplace.executeSale
FNDA:10,GardenTechMarketplace.executeSale
DA:392,10
DA:392,10
DA:392,10
DA:392,10
DA:392,9
DA:392,9
BRDA:392,14,0,2
BRDA:392,14,1,8
DA:393,2
DA:393,2
DA:393,8
DA:394,8
DA:394,8
DA:395,8
DA:395,8
DA:395,8
DA:397,8
DA:397,8
DA:399,8
BRDA:399,15,0,1
BRDA:399,15,1,5
DA:401,6
DA:401,6
DA:401,6
BRDA:401,16,0,1
BRDA:401,16,1,5
DA:402,1
DA:402,1
DA:404,5
DA:404,5
DA:409,5
DA:409,5
DA:410,2
DA:410,2
BRDA:410,17,0,1
BRDA:410,17,1,1
DA:410,1
DA:410,1
DA:415,6
DA:415,6
DA:416,6
DA:416,6
DA:417,6
DA:417,6
BRDA:417,18,0,-
BRDA:417,18,1,6
DA:426,6
DA:426,6
FN:444,GardenTechMarketplace.onERC721Received
FNDA:0,GardenTechMarketplace.onERC721Received
DA:448,0
DA:448,0
FN:468,GardenTechMarketplace.
FNDA:0,GardenTechMarketplace.
FNF:17
FNH:15
LF:82
LH:81
BRF:38
BRH:31
end_of_record
TN:
SF:src/NFTMarketplace.sol
FN:74,NFTMarketplace.onlyOwner
FNDA:0,NFTMarketplace.onlyOwner
DA:75,0
DA:75,0
BRDA:75,0,0,-
BRDA:75,0,1,-
DA:75,0
FN:85,NFTMarketplace.
FNDA:5,NFTMarketplace.
DA:86,5
DA:86,5
DA:88,5
DA:88,5
FN:99,NFTMarketplace.initialize
FNDA:0,NFTMarketplace.initialize
DA:100,0
DA:100,0
DA:102,0
DA:102,0
FN:114,NFTMarketplace._authorizeUpgrade
FNDA:0,NFTMarketplace._authorizeUpgrade
FN:130,NFTMarketplace.createToken
FNDA:2,NFTMarketplace.createToken
DA:137,2
DA:137,2
DA:137,2
DA:139,2
DA:139,2
DA:142,2
DA:142,2
DA:145,2
DA:145,2
DA:146,0
DA:146,0
FN:159,NFTMarketplace.updateListPrice
FNDA:1,NFTMarketplace.updateListPrice
DA:160,1
DA:160,1
BRDA:160,1,0,1
BRDA:160,1,1,-
DA:161,1
DA:161,1
DA:161,0
FN:166,NFTMarketplace.getListPrice
FNDA:1,NFTMarketplace.getListPrice
DA:171,1
DA:171,1
FN:174,NFTMarketplace.getLatestIdToListedToken
FNDA:0,NFTMarketplace.getLatestIdToListedToken
DA:179,0
DA:179,0
DA:180,0
DA:180,0
FN:188,NFTMarketplace.getListedTokenForId
FNDA:2,NFTMarketplace.getListedTokenForId
DA:193,2
DA:193,2
FN:198,NFTMarketplace.getCurrentToken
FNDA:0,NFTMarketplace.getCurrentToken
DA:199,0
DA:199,0
FN:206,NFTMarketplace.createListedToken
FNDA:2,NFTMarketplace.createListedToken
DA:211,2
DA:211,2
BRDA:211,2,0,2
BRDA:211,2,1,-
DA:212,2
DA:212,2
DA:214,0
DA:214,0
BRDA:214,3,0,-
BRDA:214,3,1,-
DA:215,0
DA:215,0
DA:217,0
DA:217,0
DA:224,0
DA:224,0
DA:229,0
DA:229,0
FN:246,NFTMarketplace.getAllNFTs
FNDA:0,NFTMarketplace.getAllNFTs
DA:246,0
DA:246,0
DA:247,0
DA:247,0
DA:248,0
DA:248,0
DA:248,0
DA:252,0
DA:252,0
DA:252,0
DA:252,0
DA:253,0
DA:253,0
DA:253,0
DA:255,0
DA:255,0
DA:256,0
DA:256,0
DA:257,0
DA:257,0
DA:259,0
DA:259,0
FN:271,NFTMarketplace.getMyNFTs
FNDA:0,NFTMarketplace.getMyNFTs
DA:272,0
DA:272,0
DA:273,0
DA:273,0
DA:273,0
DA:276,0
DA:276,0
DA:276,0
DA:277,0
DA:277,0
DA:277,0
DA:279,0
DA:279,0
BRDA:277,4,0,-
BRDA:277,4,1,-
DA:281,0
DA:281,0
DA:281,0
DA:283,0
DA:283,0
DA:284,0
DA:284,0
DA:284,0
DA:285,0
DA:285,0
DA:286,0
DA:286,0
DA:286,0
DA:288,0
DA:288,0
BRDA:285,5,0,-
BRDA:285,5,1,-
DA:292,0
DA:292,0
DA:294,0
DA:294,0
DA:294,0
DA:295,0
DA:295,0
DA:297,0
DA:297,0
DA:298,0
DA:298,0
DA:300,0
DA:300,0
FN:316,NFTMarketplace.executeSale
FNDA:0,NFTMarketplace.executeSale
DA:317,0
DA:317,0
DA:317,0
DA:318,0
DA:318,0
BRDA:318,6,0,-
BRDA:318,6,1,-
DA:318,0
DA:319,0
DA:319,0
DA:321,0
DA:321,0
DA:322,0
DA:322,0
DA:324,0
DA:324,0
DA:325,0
DA:325,0
BRDA:324,7,0,-
BRDA:324,7,1,-
DA:326,0
DA:326,0
DA:329,0
DA:329,0
DA:333,0
DA:333,0
DA:335,0
DA:335,0
DA:337,0
DA:337,0
FN:359,NFTMarketplace.onERC721Received
FNDA:0,NFTMarketplace.onERC721Received
DA:363,0
DA:363,0
FN:381,NFTMarketplace.
FNDA:0,NFTMarketplace.
FNF:16
FNH:6
LF:63
LH:12
BRF:16
BRH:2
end_of_record
TN:
SF:src/Proxy1967GardenTechMarketplace.sol
FN:5,Proxy1967GardenTechMarketplace.
FNDA:0,Proxy1967GardenTechMarketplace.
FNF:1
FNH:0
LF:0
LH:0
BRF:0
BRH:0
end_of_record
